<?xml version="1.0" encoding="UTF-8"?>
<robot generator="Robot 7.3.2 (Python 3.13.7 on win32)" generated="2025-09-19T16:03:58.182639" rpa="false" schemaversion="5">
<suite id="s1" name="Full Flow Test" source="C:\Users\chwor\Documents\CS\software-testing\robot-framework\tests\full_flow_test.robot">
<test id="s1-t1" name="Open Browser" line="20">
<kw name="Open Browser" owner="SeleniumLibrary">
<msg time="2025-09-19T16:03:58.656160" level="INFO">Opening browser 'chrome' to base url 'https://robot-lab-five.vercel.app/'.</msg>
<arg>${BASE_URL}</arg>
<arg>${BROWSER}</arg>
<doc>Opens a new browser instance to the optional ``url``.</doc>
<status status="PASS" start="2025-09-19T16:03:58.655706" elapsed="1.798826"/>
</kw>
<kw name="Maximize Browser Window" owner="SeleniumLibrary">
<doc>Maximizes current browser window.</doc>
<status status="PASS" start="2025-09-19T16:04:00.455294" elapsed="0.039367"/>
</kw>
<status status="PASS" start="2025-09-19T16:03:58.653800" elapsed="1.841408"/>
</test>
<test id="s1-t2" name="Click Login Button" line="42">
<kw name="Click Element" owner="SeleniumLibrary">
<msg time="2025-09-19T16:04:00.497273" level="INFO">Clicking element 'xpath=//button[contains(@class,'nav-btn-login')]'.</msg>
<arg>xpath=//button[contains(@class,'nav-btn-login')]</arg>
<doc>Click the element identified by ``locator``.</doc>
<status status="PASS" start="2025-09-19T16:04:00.496751" elapsed="0.124172"/>
</kw>
<kw name="Sleep" owner="BuiltIn">
<msg time="2025-09-19T16:04:03.624126" level="INFO">Slept 3 seconds.</msg>
<arg>3s</arg>
<doc>Pauses the test executed for the given time.</doc>
<status status="PASS" start="2025-09-19T16:04:00.622851" elapsed="3.001424"/>
</kw>
<kw name="Input Text" owner="SeleniumLibrary">
<msg time="2025-09-19T16:04:03.625387" level="INFO">Typing text 'nk@j.com' into text field 'id=loginEmail'.</msg>
<arg>id=loginEmail</arg>
<arg>${email}</arg>
<doc>Types the given ``text`` into the text field identified by ``locator``.</doc>
<status status="PASS" start="2025-09-19T16:04:03.624821" elapsed="0.131998"/>
</kw>
<kw name="Sleep" owner="BuiltIn">
<msg time="2025-09-19T16:04:05.758412" level="INFO">Slept 2 seconds.</msg>
<arg>2s</arg>
<doc>Pauses the test executed for the given time.</doc>
<status status="PASS" start="2025-09-19T16:04:03.757486" elapsed="2.001245"/>
</kw>
<kw name="Input Text" owner="SeleniumLibrary">
<msg time="2025-09-19T16:04:05.760314" level="INFO">Typing text '123' into text field 'id=loginPassword'.</msg>
<arg>id=loginPassword</arg>
<arg>${VALID_PASSWORD}</arg>
<doc>Types the given ``text`` into the text field identified by ``locator``.</doc>
<status status="PASS" start="2025-09-19T16:04:05.759714" elapsed="0.093637"/>
</kw>
<kw name="Sleep" owner="BuiltIn">
<msg time="2025-09-19T16:04:07.854856" level="INFO">Slept 2 seconds.</msg>
<arg>2s</arg>
<doc>Pauses the test executed for the given time.</doc>
<status status="PASS" start="2025-09-19T16:04:05.853850" elapsed="2.001346"/>
</kw>
<kw name="Click Element" owner="SeleniumLibrary">
<msg time="2025-09-19T16:04:07.856620" level="INFO">Clicking element 'xpath=//button[@type='submit']'.</msg>
<arg>xpath=//button[@type='submit']</arg>
<doc>Click the element identified by ``locator``.</doc>
<status status="PASS" start="2025-09-19T16:04:07.856129" elapsed="0.140629"/>
</kw>
<kw name="Sleep" owner="BuiltIn">
<msg time="2025-09-19T16:04:12.997786" level="INFO">Slept 5 seconds.</msg>
<arg>5s</arg>
<doc>Pauses the test executed for the given time.</doc>
<status status="PASS" start="2025-09-19T16:04:07.997181" elapsed="5.000851"/>
</kw>
<kw name="Wait Until Page Contains" owner="SeleniumLibrary">
<msg time="2025-09-19T16:04:20.212128" level="WARN">Retrying (Retry(total=2, connect=None, read=None, redirect=None, status=None)) after connection broken by 'ConnectionResetError(10054, 'An existing connection was forcibly closed by the remote host', None, 10054, None)': /session/ea186e9b17b90bf500e29769266b9a6d/screenshot</msg>
<msg time="2025-09-19T16:04:24.286113" level="WARN">Retrying (Retry(total=1, connect=None, read=None, redirect=None, status=None)) after connection broken by 'NewConnectionError('&lt;urllib3.connection.HTTPConnection object at 0x000001C5C87B2210&gt;: Failed to establish a new connection: [WinError 10061] No connection could be made because the target machine actively refused it')': /session/ea186e9b17b90bf500e29769266b9a6d/screenshot</msg>
<msg time="2025-09-19T16:04:28.374537" level="WARN">Retrying (Retry(total=0, connect=None, read=None, redirect=None, status=None)) after connection broken by 'NewConnectionError('&lt;urllib3.connection.HTTPConnection object at 0x000001C5C87B25D0&gt;: Failed to establish a new connection: [WinError 10061] No connection could be made because the target machine actively refused it')': /session/ea186e9b17b90bf500e29769266b9a6d/screenshot</msg>
<msg time="2025-09-19T16:04:32.442529" level="WARN">Keyword 'Capture Page Screenshot' could not be run on failure: HTTPConnectionPool(host='localhost', port=59316): Max retries exceeded with url: /session/ea186e9b17b90bf500e29769266b9a6d/screenshot (Caused by NewConnectionError('&lt;urllib3.connection.HTTPConnection object at 0x000001C5C980CE90&gt;: Failed to establish a new connection: [WinError 10061] No connection could be made because the target machine actively refused it'))</msg>
<msg time="2025-09-19T16:04:32.443678" level="FAIL">Text 'Welcome' did not appear in 5 seconds.</msg>
<arg>Welcome</arg>
<arg>5s</arg>
<doc>Waits until ``text`` appears on the current page.</doc>
<status status="FAIL" start="2025-09-19T16:04:12.998968" elapsed="19.448087">Text 'Welcome' did not appear in 5 seconds.</status>
</kw>
<kw name="Sleep" owner="BuiltIn">
<arg>20s</arg>
<doc>Pauses the test executed for the given time.</doc>
<status status="NOT RUN" start="2025-09-19T16:04:32.447630" elapsed="0.000060"/>
</kw>
<status status="FAIL" start="2025-09-19T16:04:00.496006" elapsed="31.952143">Text 'Welcome' did not appear in 5 seconds.</status>
</test>
<test id="s1-t3" name="Into Dashboard" line="55">
<status status="FAIL" start="2025-09-19T16:04:32.449492" elapsed="0.000564">Test cannot be empty.</status>
</test>
<status status="FAIL" start="2025-09-19T16:03:58.184495" elapsed="34.266936"/>
</suite>
<statistics>
<total>
<stat pass="1" fail="2" skip="0">All Tests</stat>
</total>
<tag>
</tag>
<suite>
<stat name="Full Flow Test" id="s1" pass="1" fail="2" skip="0">Full Flow Test</stat>
</suite>
</statistics>
<errors>
<msg time="2025-09-19T16:04:20.212128" level="WARN">Retrying (Retry(total=2, connect=None, read=None, redirect=None, status=None)) after connection broken by 'ConnectionResetError(10054, 'An existing connection was forcibly closed by the remote host', None, 10054, None)': /session/ea186e9b17b90bf500e29769266b9a6d/screenshot</msg>
<msg time="2025-09-19T16:04:24.286113" level="WARN">Retrying (Retry(total=1, connect=None, read=None, redirect=None, status=None)) after connection broken by 'NewConnectionError('&lt;urllib3.connection.HTTPConnection object at 0x000001C5C87B2210&gt;: Failed to establish a new connection: [WinError 10061] No connection could be made because the target machine actively refused it')': /session/ea186e9b17b90bf500e29769266b9a6d/screenshot</msg>
<msg time="2025-09-19T16:04:28.374537" level="WARN">Retrying (Retry(total=0, connect=None, read=None, redirect=None, status=None)) after connection broken by 'NewConnectionError('&lt;urllib3.connection.HTTPConnection object at 0x000001C5C87B25D0&gt;: Failed to establish a new connection: [WinError 10061] No connection could be made because the target machine actively refused it')': /session/ea186e9b17b90bf500e29769266b9a6d/screenshot</msg>
<msg time="2025-09-19T16:04:32.442529" level="WARN">Keyword 'Capture Page Screenshot' could not be run on failure: HTTPConnectionPool(host='localhost', port=59316): Max retries exceeded with url: /session/ea186e9b17b90bf500e29769266b9a6d/screenshot (Caused by NewConnectionError('&lt;urllib3.connection.HTTPConnection object at 0x000001C5C980CE90&gt;: Failed to establish a new connection: [WinError 10061] No connection could be made because the target machine actively refused it'))</msg>
</errors>
</robot>
