<?xml version="1.0" encoding="UTF-8"?>
<robot generator="Robot 7.3.2 (Python 3.13.7 on win32)" generated="2025-09-19T20:04:04.463454" rpa="false" schemaversion="5">
<suite id="s1" name="Full Flow Test" source="C:\Users\chwor\Documents\CS\software-testing\robot-framework\tests\full_flow_test.robot">
<test id="s1-t1" name="Open Browser" line="20">
<kw name="Open Browser" owner="SeleniumLibrary">
<msg time="2025-09-19T20:04:04.870797" level="INFO">Opening browser 'chrome' to base url 'https://robot-lab-five.vercel.app/'.</msg>
<arg>${BASE_URL}</arg>
<arg>chrome</arg>
<arg>options=add_experimental_option("debuggerAddress", "127.0.0.1:9222")</arg>
<doc>Opens a new browser instance to the optional ``url``.</doc>
<status status="PASS" start="2025-09-19T20:04:04.870408" elapsed="0.817369"/>
</kw>
<kw name="Sleep" owner="BuiltIn">
<msg time="2025-09-19T20:04:15.689584" level="INFO">Slept 10 seconds.</msg>
<arg>10s</arg>
<doc>Pauses the test executed for the given time.</doc>
<status status="PASS" start="2025-09-19T20:04:05.688491" elapsed="10.001354"/>
</kw>
<kw name="Maximize Browser Window" owner="SeleniumLibrary">
<doc>Maximizes current browser window.</doc>
<status status="PASS" start="2025-09-19T20:04:15.690702" elapsed="0.009844"/>
</kw>
<status status="PASS" start="2025-09-19T20:04:04.868870" elapsed="10.832399"/>
</test>
<test id="s1-t2" name="Click Register Button" line="27">
<kw name="Wait Until Element Is Visible" owner="SeleniumLibrary">
<arg>css:.nav-btn-register</arg>
<arg>10s</arg>
<doc>Waits until the element ``locator`` is visible.</doc>
<status status="PASS" start="2025-09-19T20:04:15.703864" elapsed="0.023972"/>
</kw>
<kw name="Click Element" owner="SeleniumLibrary">
<msg time="2025-09-19T20:04:15.728617" level="INFO">Clicking element 'css:.nav-btn-register'.</msg>
<arg>css:.nav-btn-register</arg>
<doc>Click the element identified by ``locator``.</doc>
<status status="PASS" start="2025-09-19T20:04:15.728367" elapsed="0.066133"/>
</kw>
<kw name="Sleep" owner="BuiltIn">
<msg time="2025-09-19T20:04:18.795969" level="INFO">Slept 3 seconds.</msg>
<arg>3s</arg>
<doc>Pauses the test executed for the given time.</doc>
<status status="PASS" start="2025-09-19T20:04:15.794902" elapsed="3.001491"/>
</kw>
<kw name="Input Text" owner="SeleniumLibrary">
<msg time="2025-09-19T20:04:18.798298" level="INFO">Typing text 'B' into text field 'id=firstName'.</msg>
<arg>id=firstName</arg>
<arg>${FIRST_NAME}</arg>
<doc>Types the given ``text`` into the text field identified by ``locator``.</doc>
<status status="PASS" start="2025-09-19T20:04:18.797422" elapsed="0.130911"/>
</kw>
<kw name="Sleep" owner="BuiltIn">
<msg time="2025-09-19T20:04:20.930257" level="INFO">Slept 2 seconds.</msg>
<arg>2s</arg>
<doc>Pauses the test executed for the given time.</doc>
<status status="PASS" start="2025-09-19T20:04:18.928948" elapsed="2.001623"/>
</kw>
<kw name="Input Text" owner="SeleniumLibrary">
<msg time="2025-09-19T20:04:20.932101" level="INFO">Typing text 'T' into text field 'id=lastName'.</msg>
<arg>id=lastName</arg>
<arg>${LAST_NAME}</arg>
<doc>Types the given ``text`` into the text field identified by ``locator``.</doc>
<status status="PASS" start="2025-09-19T20:04:20.931454" elapsed="0.136226"/>
</kw>
<kw name="Sleep" owner="BuiltIn">
<msg time="2025-09-19T20:04:23.068921" level="INFO">Slept 2 seconds.</msg>
<arg>2s</arg>
<doc>Pauses the test executed for the given time.</doc>
<status status="PASS" start="2025-09-19T20:04:21.068175" elapsed="2.000961"/>
</kw>
<kw name="Input Text" owner="SeleniumLibrary">
<msg time="2025-09-19T20:04:23.070562" level="INFO">Typing text 'nk@f.com' into text field 'id=email'.</msg>
<arg>id=email</arg>
<arg>${email}</arg>
<doc>Types the given ``text`` into the text field identified by ``locator``.</doc>
<status status="PASS" start="2025-09-19T20:04:23.069967" elapsed="0.152655"/>
</kw>
<kw name="Sleep" owner="BuiltIn">
<msg time="2025-09-19T20:04:25.224163" level="INFO">Slept 2 seconds.</msg>
<arg>2s</arg>
<doc>Pauses the test executed for the given time.</doc>
<status status="PASS" start="2025-09-19T20:04:23.223199" elapsed="2.001193"/>
</kw>
<kw name="Input Text" owner="SeleniumLibrary">
<msg time="2025-09-19T20:04:25.226153" level="INFO">Typing text '123' into text field 'id=password'.</msg>
<arg>id=password</arg>
<arg>${VALID_PASSWORD}</arg>
<doc>Types the given ``text`` into the text field identified by ``locator``.</doc>
<status status="PASS" start="2025-09-19T20:04:25.225583" elapsed="0.137060"/>
</kw>
<kw name="Sleep" owner="BuiltIn">
<msg time="2025-09-19T20:04:27.364042" level="INFO">Slept 2 seconds.</msg>
<arg>2s</arg>
<doc>Pauses the test executed for the given time.</doc>
<status status="PASS" start="2025-09-19T20:04:25.363115" elapsed="2.001160"/>
</kw>
<kw name="Click Element" owner="SeleniumLibrary">
<msg time="2025-09-19T20:04:27.365707" level="INFO">Clicking element 'xpath=//button[@type='submit']'.</msg>
<arg>xpath=//button[@type='submit']</arg>
<doc>Click the element identified by ``locator``.</doc>
<status status="PASS" start="2025-09-19T20:04:27.365157" elapsed="0.113316"/>
</kw>
<kw name="Sleep" owner="BuiltIn">
<msg time="2025-09-19T20:04:32.479705" level="INFO">Slept 5 seconds.</msg>
<arg>5s</arg>
<doc>Pauses the test executed for the given time.</doc>
<status status="PASS" start="2025-09-19T20:04:27.479018" elapsed="5.001042"/>
</kw>
<kw name="Capture Page Screenshot" owner="SeleniumLibrary">
<msg time="2025-09-19T20:04:32.677871" level="INFO" html="true">&lt;/td&gt;&lt;/tr&gt;&lt;tr&gt;&lt;td colspan="3"&gt;&lt;a href="success_register.png"&gt;&lt;img src="success_register.png" width="800px"&gt;&lt;/a&gt;</msg>
<arg>../result/success_register.png</arg>
<doc>Takes a screenshot of the current page and embeds it into a log file.</doc>
<status status="PASS" start="2025-09-19T20:04:32.480940" elapsed="0.197160"/>
</kw>
<kw name="Sleep" owner="BuiltIn">
<msg time="2025-09-19T20:04:38.679327" level="INFO">Slept 6 seconds.</msg>
<arg>6s</arg>
<doc>Pauses the test executed for the given time.</doc>
<status status="PASS" start="2025-09-19T20:04:32.678771" elapsed="6.000851"/>
</kw>
<status status="PASS" start="2025-09-19T20:04:15.703022" elapsed="22.977505"/>
</test>
<test id="s1-t3" name="Click Login Button" line="47">
<kw name="Wait Until Element Is Visible" owner="SeleniumLibrary">
<arg>css:.nav-btn-login</arg>
<arg>10s</arg>
<doc>Waits until the element ``locator`` is visible.</doc>
<status status="PASS" start="2025-09-19T20:04:38.682605" elapsed="0.035090"/>
</kw>
<kw name="Click Element" owner="SeleniumLibrary">
<msg time="2025-09-19T20:04:38.718688" level="INFO">Clicking element 'css:.nav-btn-login'.</msg>
<arg>css:.nav-btn-login</arg>
<doc>Click the element identified by ``locator``.</doc>
<status status="PASS" start="2025-09-19T20:04:38.718289" elapsed="0.104906"/>
</kw>
<kw name="Sleep" owner="BuiltIn">
<msg time="2025-09-19T20:04:43.824428" level="INFO">Slept 5 seconds.</msg>
<arg>5s</arg>
<doc>Pauses the test executed for the given time.</doc>
<status status="PASS" start="2025-09-19T20:04:38.823679" elapsed="5.000994"/>
</kw>
<kw name="Input Text" owner="SeleniumLibrary">
<msg time="2025-09-19T20:04:43.826252" level="INFO">Typing text 'nk@f.com' into text field 'id=loginEmail'.</msg>
<arg>id=loginEmail</arg>
<arg>${email}</arg>
<doc>Types the given ``text`` into the text field identified by ``locator``.</doc>
<status status="PASS" start="2025-09-19T20:04:43.825572" elapsed="0.143677"/>
</kw>
<kw name="Sleep" owner="BuiltIn">
<msg time="2025-09-19T20:04:45.970724" level="INFO">Slept 2 seconds.</msg>
<arg>2s</arg>
<doc>Pauses the test executed for the given time.</doc>
<status status="PASS" start="2025-09-19T20:04:43.969776" elapsed="2.001291"/>
</kw>
<kw name="Input Text" owner="SeleniumLibrary">
<msg time="2025-09-19T20:04:45.972608" level="INFO">Typing text '123' into text field 'id=loginPassword'.</msg>
<arg>id=loginPassword</arg>
<arg>${VALID_PASSWORD}</arg>
<doc>Types the given ``text`` into the text field identified by ``locator``.</doc>
<status status="PASS" start="2025-09-19T20:04:45.971971" elapsed="0.124933"/>
</kw>
<kw name="Sleep" owner="BuiltIn">
<msg time="2025-09-19T20:04:51.098704" level="INFO">Slept 5 seconds.</msg>
<arg>5s</arg>
<doc>Pauses the test executed for the given time.</doc>
<status status="PASS" start="2025-09-19T20:04:46.097631" elapsed="5.001307"/>
</kw>
<kw name="Click Element" owner="SeleniumLibrary">
<msg time="2025-09-19T20:04:51.100368" level="INFO">Clicking element 'xpath=//button[@type='submit']'.</msg>
<arg>xpath=//button[@type='submit']</arg>
<doc>Click the element identified by ``locator``.</doc>
<status status="PASS" start="2025-09-19T20:04:51.099849" elapsed="0.111452"/>
</kw>
<kw name="Sleep" owner="BuiltIn">
<msg time="2025-09-19T20:04:56.212598" level="INFO">Slept 5 seconds.</msg>
<arg>5s</arg>
<doc>Pauses the test executed for the given time.</doc>
<status status="PASS" start="2025-09-19T20:04:51.211885" elapsed="5.000943"/>
</kw>
<kw name="Capture Page Screenshot" owner="SeleniumLibrary">
<msg time="2025-09-19T20:04:56.373589" level="INFO" html="true">&lt;/td&gt;&lt;/tr&gt;&lt;tr&gt;&lt;td colspan="3"&gt;&lt;a href="success_login.png"&gt;&lt;img src="success_login.png" width="800px"&gt;&lt;/a&gt;</msg>
<arg>../result/success_login.png</arg>
<doc>Takes a screenshot of the current page and embeds it into a log file.</doc>
<status status="PASS" start="2025-09-19T20:04:56.214018" elapsed="0.159788"/>
</kw>
<kw name="Sleep" owner="BuiltIn">
<msg time="2025-09-19T20:05:16.374828" level="INFO">Slept 20 seconds.</msg>
<arg>20s</arg>
<doc>Pauses the test executed for the given time.</doc>
<status status="PASS" start="2025-09-19T20:04:56.374279" elapsed="20.000722"/>
</kw>
<kw name="Go Back" owner="SeleniumLibrary">
<doc>Simulates the user clicking the back button on their browser.</doc>
<status status="PASS" start="2025-09-19T20:05:16.375626" elapsed="0.015447"/>
</kw>
<kw name="Sleep" owner="BuiltIn">
<msg time="2025-09-19T20:05:26.392498" level="INFO">Slept 10 seconds.</msg>
<arg>10s</arg>
<doc>Pauses the test executed for the given time.</doc>
<status status="PASS" start="2025-09-19T20:05:16.391613" elapsed="10.001114"/>
</kw>
<kw name="Click Element" owner="SeleniumLibrary">
<msg time="2025-09-19T20:05:26.394095" level="INFO">Clicking element 'xpath=//button[contains(@class,'nav-btn-login')]'.</msg>
<arg>xpath=//button[contains(@class,'nav-btn-login')]</arg>
<doc>Click the element identified by ``locator``.</doc>
<status status="PASS" start="2025-09-19T20:05:26.393564" elapsed="0.126792"/>
</kw>
<kw name="Sleep" owner="BuiltIn">
<msg time="2025-09-19T20:05:29.522120" level="INFO">Slept 3 seconds.</msg>
<arg>3s</arg>
<doc>Pauses the test executed for the given time.</doc>
<status status="PASS" start="2025-09-19T20:05:26.521018" elapsed="3.001315"/>
</kw>
<kw name="Input Text" owner="SeleniumLibrary">
<msg time="2025-09-19T20:05:29.523850" level="INFO">Typing text 'nk@f.com' into text field 'id=loginEmail'.</msg>
<arg>id=loginEmail</arg>
<arg>${email}</arg>
<doc>Types the given ``text`` into the text field identified by ``locator``.</doc>
<status status="PASS" start="2025-09-19T20:05:29.523223" elapsed="0.149889"/>
</kw>
<kw name="Sleep" owner="BuiltIn">
<msg time="2025-09-19T20:05:31.675015" level="INFO">Slept 2 seconds.</msg>
<arg>2s</arg>
<doc>Pauses the test executed for the given time.</doc>
<status status="PASS" start="2025-09-19T20:05:29.673819" elapsed="2.001421"/>
</kw>
<kw name="Input Text" owner="SeleniumLibrary">
<msg time="2025-09-19T20:05:31.677204" level="INFO">Typing text '123' into text field 'id=loginPassword'.</msg>
<arg>id=loginPassword</arg>
<arg>${VALID_PASSWORD}</arg>
<doc>Types the given ``text`` into the text field identified by ``locator``.</doc>
<status status="PASS" start="2025-09-19T20:05:31.676619" elapsed="0.253935"/>
</kw>
<kw name="Sleep" owner="BuiltIn">
<msg time="2025-09-19T20:05:36.932305" level="INFO">Slept 5 seconds.</msg>
<arg>5s</arg>
<doc>Pauses the test executed for the given time.</doc>
<status status="PASS" start="2025-09-19T20:05:31.931210" elapsed="5.001316"/>
</kw>
<kw name="Click Element" owner="SeleniumLibrary">
<msg time="2025-09-19T20:05:36.933841" level="INFO">Clicking element 'xpath=//button[@type='submit']'.</msg>
<arg>xpath=//button[@type='submit']</arg>
<doc>Click the element identified by ``locator``.</doc>
<status status="PASS" start="2025-09-19T20:05:36.933419" elapsed="0.122560"/>
</kw>
<kw name="Sleep" owner="BuiltIn">
<msg time="2025-09-19T20:06:07.057502" level="INFO">Slept 30 seconds.</msg>
<arg>30s</arg>
<doc>Pauses the test executed for the given time.</doc>
<status status="PASS" start="2025-09-19T20:05:37.056675" elapsed="30.001100"/>
</kw>
<status status="PASS" start="2025-09-19T20:04:38.681834" elapsed="88.376784"/>
</test>
<status status="PASS" start="2025-09-19T20:04:04.466947" elapsed="122.594040"/>
</suite>
<statistics>
<total>
<stat pass="3" fail="0" skip="0">All Tests</stat>
</total>
<tag>
</tag>
<suite>
<stat name="Full Flow Test" id="s1" pass="3" fail="0" skip="0">Full Flow Test</stat>
</suite>
</statistics>
<errors>
</errors>
</robot>
